<?xml version="1.0" encoding="UTF-8"?>
<testsuite name="Set_Insert_Tests" tests="3" skipped="0" failures="0" errors="0" timestamp="2021-12-01T12:03:34" hostname="Alexanders-Air.lan" time="0.063">
  <properties/>
  <testcase name="checkArrayIsOrdered()" classname="Set_Insert_Tests" time="0.004"/>
  <testcase name="statementCoverage()" classname="Set_Insert_Tests" time="0.039"/>
  <testcase name="checkNoDuplicates()" classname="Set_Insert_Tests" time="0.008"/>
  <system-out><![CDATA[]]></system-out>
  <system-err><![CDATA[]]></system-err>
</testsuite>
