<?xml version="1.0" encoding="UTF-8"?>
<testsuite name="Set_Member_Tests" tests="5" skipped="0" failures="0" errors="0" timestamp="2021-12-01T12:03:34" hostname="Alexanders-Air.lan" time="0.077">
  <properties/>
  <testcase name="checkIsMember2()" classname="Set_Member_Tests" time="0.014"/>
  <testcase name="checkIsNotMemberEmpty()" classname="Set_Member_Tests" time="0.012"/>
  <testcase name="statementCoverage()" classname="Set_Member_Tests" time="0.006"/>
  <testcase name="checkIsNotMember()" classname="Set_Member_Tests" time="0.003"/>
  <testcase name="checkIsMember()" classname="Set_Member_Tests" time="0.005"/>
  <system-out><![CDATA[]]></system-out>
  <system-err><![CDATA[]]></system-err>
</testsuite>
