<?xml version="1.0" encoding="UTF-8"?>
<testsuite name="WorkSchedule_SetRequiredNumber_Tests" tests="3" skipped="0" failures="0" errors="0" timestamp="2021-12-01T12:03:34" hostname="Alexanders-Air.lan" time="0.015">
  <properties/>
  <testcase name="test_starttime_lt_endtime_and_workingEmployees_lt_nemployee()" classname="WorkSchedule_SetRequiredNumber_Tests" time="0.004"/>
  <testcase name="test_starttime_gt_endtime()" classname="WorkSchedule_SetRequiredNumber_Tests" time="0.002"/>
  <testcase name="test_starttime_lt_endtime_and_workingEmployees_gt_nemployee()" classname="WorkSchedule_SetRequiredNumber_Tests" time="0.001"/>
  <system-out><![CDATA[
]]></system-out>
  <system-err><![CDATA[]]></system-err>
</testsuite>
