<?xml version="1.0" encoding="UTF-8"?>
<testsuite name="Set_Member_Test" tests="5" skipped="0" failures="0" errors="0" timestamp="2021-11-17T14:19:51" hostname="Alexanders-MacBook-Air.local" time="0.013">
  <properties/>
  <testcase name="checkIsMember2()" classname="Set_Member_Test" time="0.001"/>
  <testcase name="checkIsNotMemberEmpty()" classname="Set_Member_Test" time="0.003"/>
  <testcase name="statementCoverage()" classname="Set_Member_Test" time="0.001"/>
  <testcase name="checkIsNotMember()" classname="Set_Member_Test" time="0.001"/>
  <testcase name="checkIsMember()" classname="Set_Member_Test" time="0.001"/>
  <system-out><![CDATA[]]></system-out>
  <system-err><![CDATA[]]></system-err>
</testsuite>
