<?xml version="1.0" encoding="UTF-8"?>
<testsuite name="Set_Intersect_Test" tests="3" skipped="0" failures="0" errors="0" timestamp="2021-11-18T22:39:50" hostname="LocalPro.local" time="0.02">
  <properties/>
  <testcase name="statementCoverage()" classname="Set_Intersect_Test" time="0.018"/>
  <testcase name="testRemove2()" classname="Set_Intersect_Test" time="0.0"/>
  <testcase name="testRemove()" classname="Set_Intersect_Test" time="0.0"/>
  <system-out><![CDATA[]]></system-out>
  <system-err><![CDATA[]]></system-err>
</testsuite>
