<?xml version="1.0" encoding="UTF-8"?>
<testsuite name="Set_Intersect_Test" tests="3" skipped="0" failures="0" errors="0" timestamp="2021-11-19T09:59:14" hostname="Alexanders-MacBook-Air.local" time="0.305">
  <properties/>
  <testcase name="statementCoverage()" classname="Set_Intersect_Test" time="0.237"/>
  <testcase name="testRemove2()" classname="Set_Intersect_Test" time="0.001"/>
  <testcase name="testRemove()" classname="Set_Intersect_Test" time="0.02"/>
  <system-out><![CDATA[]]></system-out>
  <system-err><![CDATA[]]></system-err>
</testsuite>
