<?xml version="1.0" encoding="UTF-8"?>
<testsuite name="Set_Insert_Test" tests="3" skipped="0" failures="0" errors="0" timestamp="2021-11-19T09:59:15" hostname="Alexanders-MacBook-Air.local" time="0.02">
  <properties/>
  <testcase name="checkArrayIsOrdered()" classname="Set_Insert_Test" time="0.005"/>
  <testcase name="statementCoverage()" classname="Set_Insert_Test" time="0.004"/>
  <testcase name="checkNoDuplicates()" classname="Set_Insert_Test" time="0.004"/>
  <system-out><![CDATA[]]></system-out>
  <system-err><![CDATA[]]></system-err>
</testsuite>
