<?xml version="1.0" encoding="UTF-8"?>
<testsuite name="Set_Insert_Test" tests="2" skipped="0" failures="0" errors="0" timestamp="2021-11-15T13:23:45" hostname="Alexanders-MacBook-Air.local" time="0.035">
  <properties/>
  <testcase name="checkArrayIsOrdered()" classname="Set_Insert_Test" time="0.03"/>
  <testcase name="checkNoDuplicates()" classname="Set_Insert_Test" time="0.003"/>
  <system-out><![CDATA[]]></system-out>
  <system-err><![CDATA[]]></system-err>
</testsuite>
