<?xml version="1.0" encoding="UTF-8"?>
<testsuite name="WorkSchedule_SetRequiredNumber_Test" tests="3" skipped="0" failures="0" errors="0" timestamp="2021-11-17T14:06:48" hostname="Alexanders-MacBook-Air.local" time="0.011">
  <properties/>
  <testcase name="test_starttime_lt_endtime_and_workingEmployees_lt_nemployee()" classname="WorkSchedule_SetRequiredNumber_Test" time="0.003"/>
  <testcase name="test_starttime_gt_endtime()" classname="WorkSchedule_SetRequiredNumber_Test" time="0.003"/>
  <testcase name="test_starttime_lt_endtime_and_workingEmployees_gt_nemployee()" classname="WorkSchedule_SetRequiredNumber_Test" time="0.002"/>
  <system-out><![CDATA[]]></system-out>
  <system-err><![CDATA[]]></system-err>
</testsuite>
