<?xml version="1.0" encoding="UTF-8"?>
<testsuite name="Set_DistinctClosed_Test" tests="1" skipped="0" failures="0" errors="0" timestamp="2021-11-19T09:59:15" hostname="Alexanders-MacBook-Air.local" time="0.005">
  <properties/>
  <testcase name="statementAndBranchCoverage()" classname="Set_DistinctClosed_Test" time="0.005"/>
  <system-out><![CDATA[]]></system-out>
  <system-err><![CDATA[]]></system-err>
</testsuite>
