<?xml version="1.0" encoding="UTF-8"?>
<testsuite name="WorkSchedule_NextIncomplete_Test" tests="2" skipped="0" failures="0" errors="0" timestamp="2021-11-18T22:39:50" hostname="LocalPro.local" time="0.001">
  <properties/>
  <testcase name="test_workingEmployees_gtOrEq_requiredNumber()" classname="WorkSchedule_NextIncomplete_Test" time="0.0"/>
  <testcase name="test_workingEmployees_lt_requiredNumber()" classname="WorkSchedule_NextIncomplete_Test" time="0.0"/>
  <system-out><![CDATA[]]></system-out>
  <system-err><![CDATA[]]></system-err>
</testsuite>
