<?xml version="1.0" encoding="UTF-8"?>
<testsuite name="Set_Intersect_Test" tests="2" skipped="0" failures="0" errors="0" timestamp="2021-11-17T14:06:48" hostname="Alexanders-MacBook-Air.local" time="0.038">
  <properties/>
  <testcase name="testRemove2()" classname="Set_Intersect_Test" time="0.034"/>
  <testcase name="testRemove()" classname="Set_Intersect_Test" time="0.003"/>
  <system-out><![CDATA[]]></system-out>
  <system-err><![CDATA[]]></system-err>
</testsuite>
