<?xml version="1.0" encoding="UTF-8"?>
<testsuite name="Set_DistinctClosed_Test" tests="2" skipped="0" failures="0" errors="0" timestamp="2021-11-17T14:19:51" hostname="Alexanders-MacBook-Air.local" time="0.009">
  <properties/>
  <testcase name="distinctClosedMultiplication()" classname="Set_DistinctClosed_Test" time="0.002"/>
  <testcase name="distinctClosedAddition()" classname="Set_DistinctClosed_Test" time="0.006"/>
  <system-out><![CDATA[]]></system-out>
  <system-err><![CDATA[]]></system-err>
</testsuite>
