<?xml version="1.0" encoding="UTF-8"?>
<testsuite name="Set_Insert_Test" tests="3" skipped="0" failures="0" errors="0" timestamp="2021-11-18T17:27:27" hostname="LocalPro.local" time="0.003">
  <properties/>
  <testcase name="checkArrayIsOrdered()" classname="Set_Insert_Test" time="0.001"/>
  <testcase name="statementCoverage()" classname="Set_Insert_Test" time="0.0"/>
  <testcase name="checkNoDuplicates()" classname="Set_Insert_Test" time="0.001"/>
  <system-out><![CDATA[]]></system-out>
  <system-err><![CDATA[]]></system-err>
</testsuite>
