<?xml version="1.0" encoding="UTF-8"?>
<testsuite name="Set_DistinctClosed_Test" tests="2" skipped="0" failures="0" errors="0" timestamp="2021-11-16T21:36:50" hostname="Alexanders-MacBook-Air.local" time="0.008">
  <properties/>
  <testcase name="distinctClosedMultiplication()" classname="Set_DistinctClosed_Test" time="0.004"/>
  <testcase name="distinctClosedAddition()" classname="Set_DistinctClosed_Test" time="0.003"/>
  <system-out><![CDATA[]]></system-out>
  <system-err><![CDATA[]]></system-err>
</testsuite>
