<?xml version="1.0" encoding="UTF-8"?>
<testsuite name="WorkSchedule_NextIncomplete_Test" tests="1" skipped="0" failures="0" errors="0" timestamp="2021-11-16T22:09:55" hostname="Alexanders-MacBook-Air.local" time="0.041">
  <properties/>
  <testcase name="test_starttime_gt_endtime()" classname="WorkSchedule_NextIncomplete_Test" time="0.041"/>
  <system-out><![CDATA[]]></system-out>
  <system-err><![CDATA[]]></system-err>
</testsuite>
