<?xml version="1.0" encoding="UTF-8"?>
<testsuite name="WorkSchedule_NextIncomplete_Test" tests="2" skipped="0" failures="0" errors="0" timestamp="2021-11-17T14:19:51" hostname="Alexanders-MacBook-Air.local" time="0.004">
  <properties/>
  <testcase name="test_workingEmployees_gtOrEq_requiredNumber()" classname="WorkSchedule_NextIncomplete_Test" time="0.001"/>
  <testcase name="test_workingEmployees_lt_requiredNumber()" classname="WorkSchedule_NextIncomplete_Test" time="0.001"/>
  <system-out><![CDATA[]]></system-out>
  <system-err><![CDATA[]]></system-err>
</testsuite>
